Analysis & Synthesis report for MaquinaSalgados
Wed Dec 20 11:51:50 2023
Quartus II 64-Bit Version 13.0.1 Build 232 06/12/2013 Service Pack 1 SJ Web Edition


---------------------
; Table of Contents ;
---------------------
  1. Legal Notice
  2. Analysis & Synthesis Summary
  3. Analysis & Synthesis Settings
  4. Parallel Compilation
  5. Analysis & Synthesis Source Files Read
  6. Analysis & Synthesis Resource Usage Summary
  7. Analysis & Synthesis Resource Utilization by Entity
  8. State Machine - |MaquinaSalgados|estado_atual
  9. User-Specified and Inferred Latches
 10. Registers Removed During Synthesis
 11. General Register Statistics
 12. Multiplexer Restructuring Statistics (Restructuring Performed)
 13. Parameter Settings for Inferred Entity Instance: lpm_divide:Div1
 14. Parameter Settings for Inferred Entity Instance: lpm_divide:Div3
 15. Parameter Settings for Inferred Entity Instance: lpm_divide:Div5
 16. Parameter Settings for Inferred Entity Instance: lpm_divide:Div4
 17. Parameter Settings for Inferred Entity Instance: lpm_divide:Mod5
 18. Parameter Settings for Inferred Entity Instance: lpm_divide:Div2
 19. Parameter Settings for Inferred Entity Instance: lpm_divide:Mod3
 20. Parameter Settings for Inferred Entity Instance: lpm_divide:Div0
 21. Parameter Settings for Inferred Entity Instance: lpm_divide:Mod1
 22. Parameter Settings for Inferred Entity Instance: lpm_divide:Mod4
 23. Parameter Settings for Inferred Entity Instance: lpm_divide:Mod2
 24. Parameter Settings for Inferred Entity Instance: lpm_divide:Mod0
 25. Elapsed Time Per Partition
 26. Analysis & Synthesis Messages



----------------
; Legal Notice ;
----------------
Copyright (C) 1991-2013 Altera Corporation
Your use of Altera Corporation's design tools, logic functions 
and other software and tools, and its AMPP partner logic 
functions, and any output files from any of the foregoing 
(including device programming or simulation files), and any 
associated documentation or information are expressly subject 
to the terms and conditions of the Altera Program License 
Subscription Agreement, Altera MegaCore Function License 
Agreement, or other applicable license agreement, including, 
without limitation, that your use is for the sole purpose of 
programming logic devices manufactured by Altera and sold by 
Altera or its authorized distributors.  Please refer to the 
applicable agreement for further details.



+--------------------------------------------------------------------------------------+
; Analysis & Synthesis Summary                                                         ;
+------------------------------------+-------------------------------------------------+
; Analysis & Synthesis Status        ; Successful - Wed Dec 20 11:51:50 2023           ;
; Quartus II 64-Bit Version          ; 13.0.1 Build 232 06/12/2013 SP 1 SJ Web Edition ;
; Revision Name                      ; MaquinaSalgados                                 ;
; Top-level Entity Name              ; MaquinaSalgados                                 ;
; Family                             ; Cyclone II                                      ;
; Total logic elements               ; 2,246                                           ;
;     Total combinational functions  ; 2,246                                           ;
;     Dedicated logic registers      ; 48                                              ;
; Total registers                    ; 48                                              ;
; Total pins                         ; 95                                              ;
; Total virtual pins                 ; 0                                               ;
; Total memory bits                  ; 0                                               ;
; Embedded Multiplier 9-bit elements ; 0                                               ;
; Total PLLs                         ; 0                                               ;
+------------------------------------+-------------------------------------------------+


+----------------------------------------------------------------------------------------------------------------------+
; Analysis & Synthesis Settings                                                                                        ;
+----------------------------------------------------------------------------+--------------------+--------------------+
; Option                                                                     ; Setting            ; Default Value      ;
+----------------------------------------------------------------------------+--------------------+--------------------+
; Device                                                                     ; EP2C20F484C7       ;                    ;
; Top-level entity name                                                      ; MaquinaSalgados    ; MaquinaSalgados    ;
; Family name                                                                ; Cyclone II         ; Cyclone IV GX      ;
; Use smart compilation                                                      ; Off                ; Off                ;
; Enable parallel Assembler and TimeQuest Timing Analyzer during compilation ; On                 ; On                 ;
; Enable compact report table                                                ; Off                ; Off                ;
; Restructure Multiplexers                                                   ; Auto               ; Auto               ;
; Create Debugging Nodes for IP Cores                                        ; Off                ; Off                ;
; Preserve fewer node names                                                  ; On                 ; On                 ;
; Disable OpenCore Plus hardware evaluation                                  ; Off                ; Off                ;
; Verilog Version                                                            ; Verilog_2001       ; Verilog_2001       ;
; VHDL Version                                                               ; VHDL_1993          ; VHDL_1993          ;
; State Machine Processing                                                   ; Auto               ; Auto               ;
; Safe State Machine                                                         ; Off                ; Off                ;
; Extract Verilog State Machines                                             ; On                 ; On                 ;
; Extract VHDL State Machines                                                ; On                 ; On                 ;
; Ignore Verilog initial constructs                                          ; Off                ; Off                ;
; Iteration limit for constant Verilog loops                                 ; 5000               ; 5000               ;
; Iteration limit for non-constant Verilog loops                             ; 250                ; 250                ;
; Add Pass-Through Logic to Inferred RAMs                                    ; On                 ; On                 ;
; Infer RAMs from Raw Logic                                                  ; On                 ; On                 ;
; Parallel Synthesis                                                         ; On                 ; On                 ;
; DSP Block Balancing                                                        ; Auto               ; Auto               ;
; NOT Gate Push-Back                                                         ; On                 ; On                 ;
; Power-Up Don't Care                                                        ; On                 ; On                 ;
; Remove Redundant Logic Cells                                               ; Off                ; Off                ;
; Remove Duplicate Registers                                                 ; On                 ; On                 ;
; Ignore CARRY Buffers                                                       ; Off                ; Off                ;
; Ignore CASCADE Buffers                                                     ; Off                ; Off                ;
; Ignore GLOBAL Buffers                                                      ; Off                ; Off                ;
; Ignore ROW GLOBAL Buffers                                                  ; Off                ; Off                ;
; Ignore LCELL Buffers                                                       ; Off                ; Off                ;
; Ignore SOFT Buffers                                                        ; On                 ; On                 ;
; Limit AHDL Integers to 32 Bits                                             ; Off                ; Off                ;
; Optimization Technique                                                     ; Balanced           ; Balanced           ;
; Carry Chain Length                                                         ; 70                 ; 70                 ;
; Auto Carry Chains                                                          ; On                 ; On                 ;
; Auto Open-Drain Pins                                                       ; On                 ; On                 ;
; Perform WYSIWYG Primitive Resynthesis                                      ; Off                ; Off                ;
; Auto ROM Replacement                                                       ; On                 ; On                 ;
; Auto RAM Replacement                                                       ; On                 ; On                 ;
; Auto Shift Register Replacement                                            ; Auto               ; Auto               ;
; Allow Shift Register Merging across Hierarchies                            ; Auto               ; Auto               ;
; Auto Clock Enable Replacement                                              ; On                 ; On                 ;
; Strict RAM Replacement                                                     ; Off                ; Off                ;
; Allow Synchronous Control Signals                                          ; On                 ; On                 ;
; Force Use of Synchronous Clear Signals                                     ; Off                ; Off                ;
; Auto RAM to Logic Cell Conversion                                          ; Off                ; Off                ;
; Auto Resource Sharing                                                      ; Off                ; Off                ;
; Allow Any RAM Size For Recognition                                         ; Off                ; Off                ;
; Allow Any ROM Size For Recognition                                         ; Off                ; Off                ;
; Allow Any Shift Register Size For Recognition                              ; Off                ; Off                ;
; Use LogicLock Constraints during Resource Balancing                        ; On                 ; On                 ;
; Ignore translate_off and synthesis_off directives                          ; Off                ; Off                ;
; Timing-Driven Synthesis                                                    ; Off                ; Off                ;
; Report Parameter Settings                                                  ; On                 ; On                 ;
; Report Source Assignments                                                  ; On                 ; On                 ;
; Report Connectivity Checks                                                 ; On                 ; On                 ;
; Ignore Maximum Fan-Out Assignments                                         ; Off                ; Off                ;
; Synchronization Register Chain Length                                      ; 2                  ; 2                  ;
; PowerPlay Power Optimization                                               ; Normal compilation ; Normal compilation ;
; HDL message level                                                          ; Level2             ; Level2             ;
; Suppress Register Optimization Related Messages                            ; Off                ; Off                ;
; Number of Removed Registers Reported in Synthesis Report                   ; 5000               ; 5000               ;
; Number of Swept Nodes Reported in Synthesis Report                         ; 5000               ; 5000               ;
; Number of Inverted Registers Reported in Synthesis Report                  ; 100                ; 100                ;
; Clock MUX Protection                                                       ; On                 ; On                 ;
; Auto Gated Clock Conversion                                                ; Off                ; Off                ;
; Block Design Naming                                                        ; Auto               ; Auto               ;
; SDC constraint protection                                                  ; Off                ; Off                ;
; Synthesis Effort                                                           ; Auto               ; Auto               ;
; Shift Register Replacement - Allow Asynchronous Clear Signal               ; On                 ; On                 ;
; Pre-Mapping Resynthesis Optimization                                       ; Off                ; Off                ;
; Analysis & Synthesis Message Level                                         ; Medium             ; Medium             ;
; Disable Register Merging Across Hierarchies                                ; Auto               ; Auto               ;
; Resource Aware Inference For Block RAM                                     ; On                 ; On                 ;
; Synthesis Seed                                                             ; 1                  ; 1                  ;
+----------------------------------------------------------------------------+--------------------+--------------------+


Parallel compilation was disabled, but you have multiple processors available. Enable parallel compilation to reduce compilation time.
+-------------------------------------+
; Parallel Compilation                ;
+----------------------------+--------+
; Processors                 ; Number ;
+----------------------------+--------+
; Number detected on machine ; 8      ;
; Maximum allowed            ; 1      ;
+----------------------------+--------+


+-----------------------------------------------------------------------------------------------------------------------------------------------------------------------------------------------------------------------------------------------------------------+
; Analysis & Synthesis Source Files Read                                                                                                                                                                                                                          ;
+----------------------------------+-----------------+------------------------------+-------------------------------------------------------------------------------------------------------------------------------------------------------------------+---------+
; File Name with User-Entered Path ; Used in Netlist ; File Type                    ; File Name with Absolute Path                                                                                                                                      ; Library ;
+----------------------------------+-----------------+------------------------------+-------------------------------------------------------------------------------------------------------------------------------------------------------------------+---------+
; MaquinaSalgados.vhd              ; yes             ; User VHDL File               ; C:/Users/Pichau/OneDrive/Área de Trabalho/UESB   Ciência da Computação/3º Semestre/Circuitos Digitais/ProjetoCircuitos/MaquinaSalgados/MaquinaSalgados.vhd        ;         ;
; lpm_divide.tdf                   ; yes             ; Megafunction                 ; d:/altera/13.0sp1/quartus/libraries/megafunctions/lpm_divide.tdf                                                                                                  ;         ;
; abs_divider.inc                  ; yes             ; Megafunction                 ; d:/altera/13.0sp1/quartus/libraries/megafunctions/abs_divider.inc                                                                                                 ;         ;
; sign_div_unsign.inc              ; yes             ; Megafunction                 ; d:/altera/13.0sp1/quartus/libraries/megafunctions/sign_div_unsign.inc                                                                                             ;         ;
; aglobal130.inc                   ; yes             ; Megafunction                 ; d:/altera/13.0sp1/quartus/libraries/megafunctions/aglobal130.inc                                                                                                  ;         ;
; db/lpm_divide_5so.tdf            ; yes             ; Auto-Generated Megafunction  ; C:/Users/Pichau/OneDrive/Área de Trabalho/UESB   Ciência da Computação/3º Semestre/Circuitos Digitais/ProjetoCircuitos/MaquinaSalgados/db/lpm_divide_5so.tdf      ;         ;
; db/abs_divider_ibg.tdf           ; yes             ; Auto-Generated Megafunction  ; C:/Users/Pichau/OneDrive/Área de Trabalho/UESB   Ciência da Computação/3º Semestre/Circuitos Digitais/ProjetoCircuitos/MaquinaSalgados/db/abs_divider_ibg.tdf     ;         ;
; db/alt_u_div_g2f.tdf             ; yes             ; Auto-Generated Megafunction  ; C:/Users/Pichau/OneDrive/Área de Trabalho/UESB   Ciência da Computação/3º Semestre/Circuitos Digitais/ProjetoCircuitos/MaquinaSalgados/db/alt_u_div_g2f.tdf       ;         ;
; db/add_sub_lkc.tdf               ; yes             ; Auto-Generated Megafunction  ; C:/Users/Pichau/OneDrive/Área de Trabalho/UESB   Ciência da Computação/3º Semestre/Circuitos Digitais/ProjetoCircuitos/MaquinaSalgados/db/add_sub_lkc.tdf         ;         ;
; db/add_sub_mkc.tdf               ; yes             ; Auto-Generated Megafunction  ; C:/Users/Pichau/OneDrive/Área de Trabalho/UESB   Ciência da Computação/3º Semestre/Circuitos Digitais/ProjetoCircuitos/MaquinaSalgados/db/add_sub_mkc.tdf         ;         ;
; db/lpm_abs_gq9.tdf               ; yes             ; Auto-Generated Megafunction  ; C:/Users/Pichau/OneDrive/Área de Trabalho/UESB   Ciência da Computação/3º Semestre/Circuitos Digitais/ProjetoCircuitos/MaquinaSalgados/db/lpm_abs_gq9.tdf         ;         ;
; db/lpm_abs_ur9.tdf               ; yes             ; Auto-Generated Megafunction  ; C:/Users/Pichau/OneDrive/Área de Trabalho/UESB   Ciência da Computação/3º Semestre/Circuitos Digitais/ProjetoCircuitos/MaquinaSalgados/db/lpm_abs_ur9.tdf         ;         ;
; db/lpm_divide_q7m.tdf            ; yes             ; Auto-Generated Megafunction  ; C:/Users/Pichau/OneDrive/Área de Trabalho/UESB   Ciência da Computação/3º Semestre/Circuitos Digitais/ProjetoCircuitos/MaquinaSalgados/db/lpm_divide_q7m.tdf      ;         ;
; db/sign_div_unsign_1nh.tdf       ; yes             ; Auto-Generated Megafunction  ; C:/Users/Pichau/OneDrive/Área de Trabalho/UESB   Ciência da Computação/3º Semestre/Circuitos Digitais/ProjetoCircuitos/MaquinaSalgados/db/sign_div_unsign_1nh.tdf ;         ;
; db/alt_u_div_45f.tdf             ; yes             ; Auto-Generated Megafunction  ; C:/Users/Pichau/OneDrive/Área de Trabalho/UESB   Ciência da Computação/3º Semestre/Circuitos Digitais/ProjetoCircuitos/MaquinaSalgados/db/alt_u_div_45f.tdf       ;         ;
+----------------------------------+-----------------+------------------------------+-------------------------------------------------------------------------------------------------------------------------------------------------------------------+---------+


+-----------------------------------------------------+
; Analysis & Synthesis Resource Usage Summary         ;
+---------------------------------------------+-------+
; Resource                                    ; Usage ;
+---------------------------------------------+-------+
; Estimated Total logic elements              ; 2,246 ;
;                                             ;       ;
; Total combinational functions               ; 2246  ;
; Logic element usage by number of LUT inputs ;       ;
;     -- 4 input functions                    ; 748   ;
;     -- 3 input functions                    ; 659   ;
;     -- <=2 input functions                  ; 839   ;
;                                             ;       ;
; Logic elements by mode                      ;       ;
;     -- normal mode                          ; 1609  ;
;     -- arithmetic mode                      ; 637   ;
;                                             ;       ;
; Total registers                             ; 48    ;
;     -- Dedicated logic registers            ; 48    ;
;     -- I/O registers                        ; 0     ;
;                                             ;       ;
; I/O pins                                    ; 95    ;
; Embedded Multiplier 9-bit elements          ; 0     ;
; Maximum fan-out node                        ; reset ;
; Maximum fan-out                             ; 67    ;
; Total fan-out                               ; 6664  ;
; Average fan-out                             ; 2.79  ;
+---------------------------------------------+-------+


+--------------------------------------------------------------------------------------------------------------------------------------------------------------------------------------------------------------------------------------------------------------------------------------+
; Analysis & Synthesis Resource Utilization by Entity                                                                                                                                                                                                                                  ;
+----------------------------------------+-------------------+--------------+-------------+--------------+---------+-----------+------+--------------+------------------------------------------------------------------------------------------------------------------+--------------+
; Compilation Hierarchy Node             ; LC Combinationals ; LC Registers ; Memory Bits ; DSP Elements ; DSP 9x9 ; DSP 18x18 ; Pins ; Virtual Pins ; Full Hierarchy Name                                                                                              ; Library Name ;
+----------------------------------------+-------------------+--------------+-------------+--------------+---------+-----------+------+--------------+------------------------------------------------------------------------------------------------------------------+--------------+
; |MaquinaSalgados                       ; 2246 (506)        ; 48 (48)      ; 0           ; 0            ; 0       ; 0         ; 95   ; 0            ; |MaquinaSalgados                                                                                                 ; work         ;
;    |lpm_divide:Div0|                   ; 150 (0)           ; 0 (0)        ; 0           ; 0            ; 0       ; 0         ; 0    ; 0            ; |MaquinaSalgados|lpm_divide:Div0                                                                                 ; work         ;
;       |lpm_divide_5so:auto_generated|  ; 150 (0)           ; 0 (0)        ; 0           ; 0            ; 0       ; 0         ; 0    ; 0            ; |MaquinaSalgados|lpm_divide:Div0|lpm_divide_5so:auto_generated                                                   ; work         ;
;          |abs_divider_ibg:divider|     ; 150 (22)          ; 0 (0)        ; 0           ; 0            ; 0       ; 0         ; 0    ; 0            ; |MaquinaSalgados|lpm_divide:Div0|lpm_divide_5so:auto_generated|abs_divider_ibg:divider                           ; work         ;
;             |alt_u_div_g2f:divider|    ; 116 (116)         ; 0 (0)        ; 0           ; 0            ; 0       ; 0         ; 0    ; 0            ; |MaquinaSalgados|lpm_divide:Div0|lpm_divide_5so:auto_generated|abs_divider_ibg:divider|alt_u_div_g2f:divider     ; work         ;
;             |lpm_abs_ur9:my_abs_num|   ; 12 (12)           ; 0 (0)        ; 0           ; 0            ; 0       ; 0         ; 0    ; 0            ; |MaquinaSalgados|lpm_divide:Div0|lpm_divide_5so:auto_generated|abs_divider_ibg:divider|lpm_abs_ur9:my_abs_num    ; work         ;
;    |lpm_divide:Div1|                   ; 144 (0)           ; 0 (0)        ; 0           ; 0            ; 0       ; 0         ; 0    ; 0            ; |MaquinaSalgados|lpm_divide:Div1                                                                                 ; work         ;
;       |lpm_divide_5so:auto_generated|  ; 144 (0)           ; 0 (0)        ; 0           ; 0            ; 0       ; 0         ; 0    ; 0            ; |MaquinaSalgados|lpm_divide:Div1|lpm_divide_5so:auto_generated                                                   ; work         ;
;          |abs_divider_ibg:divider|     ; 144 (15)          ; 0 (0)        ; 0           ; 0            ; 0       ; 0         ; 0    ; 0            ; |MaquinaSalgados|lpm_divide:Div1|lpm_divide_5so:auto_generated|abs_divider_ibg:divider                           ; work         ;
;             |alt_u_div_g2f:divider|    ; 116 (116)         ; 0 (0)        ; 0           ; 0            ; 0       ; 0         ; 0    ; 0            ; |MaquinaSalgados|lpm_divide:Div1|lpm_divide_5so:auto_generated|abs_divider_ibg:divider|alt_u_div_g2f:divider     ; work         ;
;             |lpm_abs_ur9:my_abs_num|   ; 13 (13)           ; 0 (0)        ; 0           ; 0            ; 0       ; 0         ; 0    ; 0            ; |MaquinaSalgados|lpm_divide:Div1|lpm_divide_5so:auto_generated|abs_divider_ibg:divider|lpm_abs_ur9:my_abs_num    ; work         ;
;    |lpm_divide:Div2|                   ; 164 (0)           ; 0 (0)        ; 0           ; 0            ; 0       ; 0         ; 0    ; 0            ; |MaquinaSalgados|lpm_divide:Div2                                                                                 ; work         ;
;       |lpm_divide_5so:auto_generated|  ; 164 (0)           ; 0 (0)        ; 0           ; 0            ; 0       ; 0         ; 0    ; 0            ; |MaquinaSalgados|lpm_divide:Div2|lpm_divide_5so:auto_generated                                                   ; work         ;
;          |abs_divider_ibg:divider|     ; 164 (36)          ; 0 (0)        ; 0           ; 0            ; 0       ; 0         ; 0    ; 0            ; |MaquinaSalgados|lpm_divide:Div2|lpm_divide_5so:auto_generated|abs_divider_ibg:divider                           ; work         ;
;             |alt_u_div_g2f:divider|    ; 116 (116)         ; 0 (0)        ; 0           ; 0            ; 0       ; 0         ; 0    ; 0            ; |MaquinaSalgados|lpm_divide:Div2|lpm_divide_5so:auto_generated|abs_divider_ibg:divider|alt_u_div_g2f:divider     ; work         ;
;             |lpm_abs_ur9:my_abs_num|   ; 12 (12)           ; 0 (0)        ; 0           ; 0            ; 0       ; 0         ; 0    ; 0            ; |MaquinaSalgados|lpm_divide:Div2|lpm_divide_5so:auto_generated|abs_divider_ibg:divider|lpm_abs_ur9:my_abs_num    ; work         ;
;    |lpm_divide:Div3|                   ; 143 (0)           ; 0 (0)        ; 0           ; 0            ; 0       ; 0         ; 0    ; 0            ; |MaquinaSalgados|lpm_divide:Div3                                                                                 ; work         ;
;       |lpm_divide_5so:auto_generated|  ; 143 (0)           ; 0 (0)        ; 0           ; 0            ; 0       ; 0         ; 0    ; 0            ; |MaquinaSalgados|lpm_divide:Div3|lpm_divide_5so:auto_generated                                                   ; work         ;
;          |abs_divider_ibg:divider|     ; 143 (15)          ; 0 (0)        ; 0           ; 0            ; 0       ; 0         ; 0    ; 0            ; |MaquinaSalgados|lpm_divide:Div3|lpm_divide_5so:auto_generated|abs_divider_ibg:divider                           ; work         ;
;             |alt_u_div_g2f:divider|    ; 116 (116)         ; 0 (0)        ; 0           ; 0            ; 0       ; 0         ; 0    ; 0            ; |MaquinaSalgados|lpm_divide:Div3|lpm_divide_5so:auto_generated|abs_divider_ibg:divider|alt_u_div_g2f:divider     ; work         ;
;             |lpm_abs_ur9:my_abs_num|   ; 12 (12)           ; 0 (0)        ; 0           ; 0            ; 0       ; 0         ; 0    ; 0            ; |MaquinaSalgados|lpm_divide:Div3|lpm_divide_5so:auto_generated|abs_divider_ibg:divider|lpm_abs_ur9:my_abs_num    ; work         ;
;    |lpm_divide:Div4|                   ; 164 (0)           ; 0 (0)        ; 0           ; 0            ; 0       ; 0         ; 0    ; 0            ; |MaquinaSalgados|lpm_divide:Div4                                                                                 ; work         ;
;       |lpm_divide_5so:auto_generated|  ; 164 (0)           ; 0 (0)        ; 0           ; 0            ; 0       ; 0         ; 0    ; 0            ; |MaquinaSalgados|lpm_divide:Div4|lpm_divide_5so:auto_generated                                                   ; work         ;
;          |abs_divider_ibg:divider|     ; 164 (36)          ; 0 (0)        ; 0           ; 0            ; 0       ; 0         ; 0    ; 0            ; |MaquinaSalgados|lpm_divide:Div4|lpm_divide_5so:auto_generated|abs_divider_ibg:divider                           ; work         ;
;             |alt_u_div_g2f:divider|    ; 116 (116)         ; 0 (0)        ; 0           ; 0            ; 0       ; 0         ; 0    ; 0            ; |MaquinaSalgados|lpm_divide:Div4|lpm_divide_5so:auto_generated|abs_divider_ibg:divider|alt_u_div_g2f:divider     ; work         ;
;             |lpm_abs_ur9:my_abs_num|   ; 12 (12)           ; 0 (0)        ; 0           ; 0            ; 0       ; 0         ; 0    ; 0            ; |MaquinaSalgados|lpm_divide:Div4|lpm_divide_5so:auto_generated|abs_divider_ibg:divider|lpm_abs_ur9:my_abs_num    ; work         ;
;    |lpm_divide:Div5|                   ; 143 (0)           ; 0 (0)        ; 0           ; 0            ; 0       ; 0         ; 0    ; 0            ; |MaquinaSalgados|lpm_divide:Div5                                                                                 ; work         ;
;       |lpm_divide_5so:auto_generated|  ; 143 (0)           ; 0 (0)        ; 0           ; 0            ; 0       ; 0         ; 0    ; 0            ; |MaquinaSalgados|lpm_divide:Div5|lpm_divide_5so:auto_generated                                                   ; work         ;
;          |abs_divider_ibg:divider|     ; 143 (15)          ; 0 (0)        ; 0           ; 0            ; 0       ; 0         ; 0    ; 0            ; |MaquinaSalgados|lpm_divide:Div5|lpm_divide_5so:auto_generated|abs_divider_ibg:divider                           ; work         ;
;             |alt_u_div_g2f:divider|    ; 116 (116)         ; 0 (0)        ; 0           ; 0            ; 0       ; 0         ; 0    ; 0            ; |MaquinaSalgados|lpm_divide:Div5|lpm_divide_5so:auto_generated|abs_divider_ibg:divider|alt_u_div_g2f:divider     ; work         ;
;             |lpm_abs_ur9:my_abs_num|   ; 12 (12)           ; 0 (0)        ; 0           ; 0            ; 0       ; 0         ; 0    ; 0            ; |MaquinaSalgados|lpm_divide:Div5|lpm_divide_5so:auto_generated|abs_divider_ibg:divider|lpm_abs_ur9:my_abs_num    ; work         ;
;    |lpm_divide:Mod0|                   ; 136 (0)           ; 0 (0)        ; 0           ; 0            ; 0       ; 0         ; 0    ; 0            ; |MaquinaSalgados|lpm_divide:Mod0                                                                                 ; work         ;
;       |lpm_divide_q7m:auto_generated|  ; 136 (0)           ; 0 (0)        ; 0           ; 0            ; 0       ; 0         ; 0    ; 0            ; |MaquinaSalgados|lpm_divide:Mod0|lpm_divide_q7m:auto_generated                                                   ; work         ;
;          |sign_div_unsign_1nh:divider| ; 136 (0)           ; 0 (0)        ; 0           ; 0            ; 0       ; 0         ; 0    ; 0            ; |MaquinaSalgados|lpm_divide:Mod0|lpm_divide_q7m:auto_generated|sign_div_unsign_1nh:divider                       ; work         ;
;             |alt_u_div_45f:divider|    ; 136 (136)         ; 0 (0)        ; 0           ; 0            ; 0       ; 0         ; 0    ; 0            ; |MaquinaSalgados|lpm_divide:Mod0|lpm_divide_q7m:auto_generated|sign_div_unsign_1nh:divider|alt_u_div_45f:divider ; work         ;
;    |lpm_divide:Mod1|                   ; 136 (0)           ; 0 (0)        ; 0           ; 0            ; 0       ; 0         ; 0    ; 0            ; |MaquinaSalgados|lpm_divide:Mod1                                                                                 ; work         ;
;       |lpm_divide_q7m:auto_generated|  ; 136 (0)           ; 0 (0)        ; 0           ; 0            ; 0       ; 0         ; 0    ; 0            ; |MaquinaSalgados|lpm_divide:Mod1|lpm_divide_q7m:auto_generated                                                   ; work         ;
;          |sign_div_unsign_1nh:divider| ; 136 (0)           ; 0 (0)        ; 0           ; 0            ; 0       ; 0         ; 0    ; 0            ; |MaquinaSalgados|lpm_divide:Mod1|lpm_divide_q7m:auto_generated|sign_div_unsign_1nh:divider                       ; work         ;
;             |alt_u_div_45f:divider|    ; 136 (136)         ; 0 (0)        ; 0           ; 0            ; 0       ; 0         ; 0    ; 0            ; |MaquinaSalgados|lpm_divide:Mod1|lpm_divide_q7m:auto_generated|sign_div_unsign_1nh:divider|alt_u_div_45f:divider ; work         ;
;    |lpm_divide:Mod2|                   ; 136 (0)           ; 0 (0)        ; 0           ; 0            ; 0       ; 0         ; 0    ; 0            ; |MaquinaSalgados|lpm_divide:Mod2                                                                                 ; work         ;
;       |lpm_divide_q7m:auto_generated|  ; 136 (0)           ; 0 (0)        ; 0           ; 0            ; 0       ; 0         ; 0    ; 0            ; |MaquinaSalgados|lpm_divide:Mod2|lpm_divide_q7m:auto_generated                                                   ; work         ;
;          |sign_div_unsign_1nh:divider| ; 136 (0)           ; 0 (0)        ; 0           ; 0            ; 0       ; 0         ; 0    ; 0            ; |MaquinaSalgados|lpm_divide:Mod2|lpm_divide_q7m:auto_generated|sign_div_unsign_1nh:divider                       ; work         ;
;             |alt_u_div_45f:divider|    ; 136 (136)         ; 0 (0)        ; 0           ; 0            ; 0       ; 0         ; 0    ; 0            ; |MaquinaSalgados|lpm_divide:Mod2|lpm_divide_q7m:auto_generated|sign_div_unsign_1nh:divider|alt_u_div_45f:divider ; work         ;
;    |lpm_divide:Mod3|                   ; 144 (0)           ; 0 (0)        ; 0           ; 0            ; 0       ; 0         ; 0    ; 0            ; |MaquinaSalgados|lpm_divide:Mod3                                                                                 ; work         ;
;       |lpm_divide_q7m:auto_generated|  ; 144 (0)           ; 0 (0)        ; 0           ; 0            ; 0       ; 0         ; 0    ; 0            ; |MaquinaSalgados|lpm_divide:Mod3|lpm_divide_q7m:auto_generated                                                   ; work         ;
;          |sign_div_unsign_1nh:divider| ; 144 (0)           ; 0 (0)        ; 0           ; 0            ; 0       ; 0         ; 0    ; 0            ; |MaquinaSalgados|lpm_divide:Mod3|lpm_divide_q7m:auto_generated|sign_div_unsign_1nh:divider                       ; work         ;
;             |alt_u_div_45f:divider|    ; 144 (144)         ; 0 (0)        ; 0           ; 0            ; 0       ; 0         ; 0    ; 0            ; |MaquinaSalgados|lpm_divide:Mod3|lpm_divide_q7m:auto_generated|sign_div_unsign_1nh:divider|alt_u_div_45f:divider ; work         ;
;    |lpm_divide:Mod4|                   ; 136 (0)           ; 0 (0)        ; 0           ; 0            ; 0       ; 0         ; 0    ; 0            ; |MaquinaSalgados|lpm_divide:Mod4                                                                                 ; work         ;
;       |lpm_divide_q7m:auto_generated|  ; 136 (0)           ; 0 (0)        ; 0           ; 0            ; 0       ; 0         ; 0    ; 0            ; |MaquinaSalgados|lpm_divide:Mod4|lpm_divide_q7m:auto_generated                                                   ; work         ;
;          |sign_div_unsign_1nh:divider| ; 136 (0)           ; 0 (0)        ; 0           ; 0            ; 0       ; 0         ; 0    ; 0            ; |MaquinaSalgados|lpm_divide:Mod4|lpm_divide_q7m:auto_generated|sign_div_unsign_1nh:divider                       ; work         ;
;             |alt_u_div_45f:divider|    ; 136 (136)         ; 0 (0)        ; 0           ; 0            ; 0       ; 0         ; 0    ; 0            ; |MaquinaSalgados|lpm_divide:Mod4|lpm_divide_q7m:auto_generated|sign_div_unsign_1nh:divider|alt_u_div_45f:divider ; work         ;
;    |lpm_divide:Mod5|                   ; 144 (0)           ; 0 (0)        ; 0           ; 0            ; 0       ; 0         ; 0    ; 0            ; |MaquinaSalgados|lpm_divide:Mod5                                                                                 ; work         ;
;       |lpm_divide_q7m:auto_generated|  ; 144 (0)           ; 0 (0)        ; 0           ; 0            ; 0       ; 0         ; 0    ; 0            ; |MaquinaSalgados|lpm_divide:Mod5|lpm_divide_q7m:auto_generated                                                   ; work         ;
;          |sign_div_unsign_1nh:divider| ; 144 (0)           ; 0 (0)        ; 0           ; 0            ; 0       ; 0         ; 0    ; 0            ; |MaquinaSalgados|lpm_divide:Mod5|lpm_divide_q7m:auto_generated|sign_div_unsign_1nh:divider                       ; work         ;
;             |alt_u_div_45f:divider|    ; 144 (144)         ; 0 (0)        ; 0           ; 0            ; 0       ; 0         ; 0    ; 0            ; |MaquinaSalgados|lpm_divide:Mod5|lpm_divide_q7m:auto_generated|sign_div_unsign_1nh:divider|alt_u_div_45f:divider ; work         ;
+----------------------------------------+-------------------+--------------+-------------+--------------+---------+-----------+------+--------------+------------------------------------------------------------------------------------------------------------------+--------------+
Note: For table entries with two numbers listed, the numbers in parentheses indicate the number of resources of the given type used by the specific entity alone. The numbers listed outside of parentheses indicate the total resources of the given type used by the specific entity and all of its sub-entities in the hierarchy.


Encoding Type:  One-Hot
+-------------------------------------------------------------------------------------------------------------------------------------------------------------------------------------------+
; State Machine - |MaquinaSalgados|estado_atual                                                                                                                                             ;
+-----------------------------+----------------------+----------------------------+-----------------------------+----------------------+-----------------------------+----------------------+
; Name                        ; estado_atual.Devolve ; estado_atual.LiberaSalgado ; estado_atual.EsperandoMoeda ; estado_atual.Estoque ; estado_atual.SelecaoSalgado ; estado_atual.Inicial ;
+-----------------------------+----------------------+----------------------------+-----------------------------+----------------------+-----------------------------+----------------------+
; estado_atual.Inicial        ; 0                    ; 0                          ; 0                           ; 0                    ; 0                           ; 0                    ;
; estado_atual.SelecaoSalgado ; 0                    ; 0                          ; 0                           ; 0                    ; 1                           ; 1                    ;
; estado_atual.Estoque        ; 0                    ; 0                          ; 0                           ; 1                    ; 0                           ; 1                    ;
; estado_atual.EsperandoMoeda ; 0                    ; 0                          ; 1                           ; 0                    ; 0                           ; 1                    ;
; estado_atual.LiberaSalgado  ; 0                    ; 1                          ; 0                           ; 0                    ; 0                           ; 1                    ;
; estado_atual.Devolve        ; 1                    ; 0                          ; 0                           ; 0                    ; 0                           ; 1                    ;
+-----------------------------+----------------------+----------------------------+-----------------------------+----------------------+-----------------------------+----------------------+


+-------------------------------------------------------------------------------------------------------------+
; User-Specified and Inferred Latches                                                                         ;
+-----------------------------------------------------+------------------------------+------------------------+
; Latch Name                                          ; Latch Enable Signal          ; Free of Timing Hazards ;
+-----------------------------------------------------+------------------------------+------------------------+
; sem_estoque$latch                                   ; Selector70                   ; yes                    ;
; salgado_invalido$latch                              ; Selector62                   ; yes                    ;
; devolvido$latch                                     ; WideOr5                      ; yes                    ;
; salgado_liberado$latch                              ; WideOr4                      ; yes                    ;
; estado_inicial$latch                                ; reset                        ; yes                    ;
; estado_selecao_salgado$latch                        ; reset                        ; yes                    ;
; estado_estoque$latch                                ; reset                        ; yes                    ;
; estado_esperando_moeda$latch                        ; reset                        ; yes                    ;
; estado_libera_salgado$latch                         ; reset                        ; yes                    ;
; estado_devolve$latch                                ; reset                        ; yes                    ;
; preco_salgado[0]$latch                              ; display_moeda_dezena[2]~reg0 ; yes                    ;
; preco_salgado[1]$latch                              ; display_moeda_dezena[2]~reg0 ; yes                    ;
; preco_salgado[2]$latch                              ; display_moeda_dezena[2]~reg0 ; yes                    ;
; preco_salgado[3]$latch                              ; display_moeda_dezena[2]~reg0 ; yes                    ;
; preco_salgado[4]$latch                              ; display_moeda_dezena[2]~reg0 ; yes                    ;
; preco_salgado[5]$latch                              ; display_moeda_dezena[2]~reg0 ; yes                    ;
; preco_salgado[6]$latch                              ; display_moeda_dezena[2]~reg0 ; yes                    ;
; preco_salgado[7]$latch                              ; display_moeda_dezena[2]~reg0 ; yes                    ;
; preco_salgado[8]$latch                              ; display_moeda_dezena[2]~reg0 ; yes                    ;
; troco[0]$latch                                      ; WideOr4                      ; yes                    ;
; troco[1]$latch                                      ; WideOr4                      ; yes                    ;
; troco[2]$latch                                      ; WideOr4                      ; yes                    ;
; troco[3]$latch                                      ; WideOr4                      ; yes                    ;
; troco[4]$latch                                      ; WideOr4                      ; yes                    ;
; troco[5]$latch                                      ; WideOr4                      ; yes                    ;
; troco[6]$latch                                      ; WideOr4                      ; yes                    ;
; troco[7]$latch                                      ; WideOr4                      ; yes                    ;
; troco[8]$latch                                      ; WideOr4                      ; yes                    ;
; troco[9]$latch                                      ; WideOr4                      ; yes                    ;
; devolucao[0]$latch                                  ; Selector61                   ; yes                    ;
; devolucao[1]$latch                                  ; Selector61                   ; yes                    ;
; devolucao[2]$latch                                  ; Selector61                   ; yes                    ;
; devolucao[3]$latch                                  ; Selector61                   ; yes                    ;
; devolucao[4]$latch                                  ; Selector61                   ; yes                    ;
; devolucao[5]$latch                                  ; Selector61                   ; yes                    ;
; devolucao[6]$latch                                  ; Selector61                   ; yes                    ;
; devolucao[7]$latch                                  ; Selector61                   ; yes                    ;
; devolucao[8]$latch                                  ; Selector61                   ; yes                    ;
; devolucao[9]$latch                                  ; Selector61                   ; yes                    ;
; estoque_salgado1[2]                                 ; estoque_salgado1[2]          ; yes                    ;
; estoque_salgado1[0]                                 ; estoque_salgado1[2]          ; yes                    ;
; estoque_salgado1[1]                                 ; estoque_salgado1[2]          ; yes                    ;
; estoque_salgado1[3]                                 ; estoque_salgado1[2]          ; yes                    ;
; estoque_salgado2[2]                                 ; estoque_salgado2[2]          ; yes                    ;
; estoque_salgado2[0]                                 ; estoque_salgado2[2]          ; yes                    ;
; estoque_salgado2[1]                                 ; estoque_salgado2[2]          ; yes                    ;
; estoque_salgado2[3]                                 ; estoque_salgado2[2]          ; yes                    ;
; estoque_salgado3[2]                                 ; estoque_salgado3[2]          ; yes                    ;
; estoque_salgado3[0]                                 ; estoque_salgado3[2]          ; yes                    ;
; estoque_salgado3[1]                                 ; estoque_salgado3[2]          ; yes                    ;
; estoque_salgado3[3]                                 ; estoque_salgado3[2]          ; yes                    ;
; estoque_salgado4[2]                                 ; estoque_salgado4[2]          ; yes                    ;
; estoque_salgado4[0]                                 ; estoque_salgado4[2]          ; yes                    ;
; estoque_salgado4[1]                                 ; estoque_salgado4[2]          ; yes                    ;
; estoque_salgado4[3]                                 ; estoque_salgado4[2]          ; yes                    ;
; estoque_salgado5[3]                                 ; estoque_salgado5[3]          ; yes                    ;
; estoque_salgado5[2]                                 ; estoque_salgado5[3]          ; yes                    ;
; estoque_salgado5[1]                                 ; estoque_salgado5[3]          ; yes                    ;
; estoque_salgado5[0]                                 ; estoque_salgado5[3]          ; yes                    ;
; proximo_estado.Inicial_1978                         ; Selector136                  ; yes                    ;
; proximo_estado.Estoque_1960                         ; Selector136                  ; yes                    ;
; proximo_estado.LiberaSalgado_1942                   ; Selector136                  ; yes                    ;
; proximo_estado.EsperandoMoeda_1951                  ; Selector136                  ; yes                    ;
; proximo_estado.SelecaoSalgado_1969                  ; Selector136                  ; yes                    ;
; proximo_estado.Devolve_1933                         ; Selector136                  ; yes                    ;
; Number of user-specified and inferred latches = 65  ;                              ;                        ;
+-----------------------------------------------------+------------------------------+------------------------+
Note: All latches listed above may not be present at the end of synthesis due to various synthesis optimizations.


+--------------------------------------------------------------------------------+
; Registers Removed During Synthesis                                             ;
+---------------------------------------+----------------------------------------+
; Register name                         ; Reason for Removal                     ;
+---------------------------------------+----------------------------------------+
; \display:numero_salgado[3..9]         ; Stuck at GND due to stuck port data_in ;
; Total Number of Removed Registers = 7 ;                                        ;
+---------------------------------------+----------------------------------------+


+------------------------------------------------------+
; General Register Statistics                          ;
+----------------------------------------------+-------+
; Statistic                                    ; Value ;
+----------------------------------------------+-------+
; Total registers                              ; 48    ;
; Number of registers using Synchronous Clear  ; 0     ;
; Number of registers using Synchronous Load   ; 19    ;
; Number of registers using Asynchronous Clear ; 11    ;
; Number of registers using Asynchronous Load  ; 0     ;
; Number of registers using Clock Enable       ; 12    ;
; Number of registers using Preset             ; 0     ;
+----------------------------------------------+-------+


+--------------------------------------------------------------------------------------------------------------------------------------------------------------+
; Multiplexer Restructuring Statistics (Restructuring Performed)                                                                                               ;
+--------------------+-----------+---------------+----------------------+------------------------+------------+------------------------------------------------+
; Multiplexer Inputs ; Bus Width ; Baseline Area ; Area if Restructured ; Saving if Restructured ; Registered ; Example Multiplexer Output                     ;
+--------------------+-----------+---------------+----------------------+------------------------+------------+------------------------------------------------+
; 4:1                ; 8 bits    ; 16 LEs        ; 16 LEs               ; 0 LEs                  ; Yes        ; |MaquinaSalgados|valor_inserido[7]~reg0        ;
; 6:1                ; 7 bits    ; 28 LEs        ; 21 LEs               ; 7 LEs                  ; Yes        ; |MaquinaSalgados|display_moeda_dezena[2]~reg0  ;
; 6:1                ; 10 bits   ; 40 LEs        ; 20 LEs               ; 20 LEs                 ; Yes        ; |MaquinaSalgados|display_moeda_centena[2]~reg0 ;
; 13:1               ; 4 bits    ; 32 LEs        ; 28 LEs               ; 4 LEs                  ; Yes        ; |MaquinaSalgados|display_moeda_centena[6]~reg0 ;
; 1:1                ; 4 bits    ; 0 LEs         ; 0 LEs                ; 0 LEs                  ; No         ; |MaquinaSalgados|Mux66                         ;
; 1:1                ; 4 bits    ; 0 LEs         ; 0 LEs                ; 0 LEs                  ; No         ; |MaquinaSalgados|Mux36                         ;
; 1:1                ; 4 bits    ; 0 LEs         ; 0 LEs                ; 0 LEs                  ; No         ; |MaquinaSalgados|Mux33                         ;
; 1:1                ; 4 bits    ; 0 LEs         ; 0 LEs                ; 0 LEs                  ; No         ; |MaquinaSalgados|Mux28                         ;
; 1:1                ; 4 bits    ; 0 LEs         ; 0 LEs                ; 0 LEs                  ; No         ; |MaquinaSalgados|Mux26                         ;
; 3:1                ; 10 bits   ; 20 LEs        ; 20 LEs               ; 0 LEs                  ; No         ; |MaquinaSalgados|Selector10                    ;
+--------------------+-----------+---------------+----------------------+------------------------+------------+------------------------------------------------+


+------------------------------------------------------------------+
; Parameter Settings for Inferred Entity Instance: lpm_divide:Div1 ;
+------------------------+----------------+------------------------+
; Parameter Name         ; Value          ; Type                   ;
+------------------------+----------------+------------------------+
; LPM_WIDTHN             ; 12             ; Untyped                ;
; LPM_WIDTHD             ; 5              ; Untyped                ;
; LPM_NREPRESENTATION    ; SIGNED         ; Untyped                ;
; LPM_DREPRESENTATION    ; SIGNED         ; Untyped                ;
; LPM_PIPELINE           ; 0              ; Untyped                ;
; LPM_REMAINDERPOSITIVE  ; FALSE          ; Untyped                ;
; MAXIMIZE_SPEED         ; 5              ; Untyped                ;
; CBXI_PARAMETER         ; lpm_divide_5so ; Untyped                ;
; CARRY_CHAIN            ; MANUAL         ; Untyped                ;
; OPTIMIZE_FOR_SPEED     ; 5              ; Untyped                ;
; AUTO_CARRY_CHAINS      ; ON             ; AUTO_CARRY             ;
; IGNORE_CARRY_BUFFERS   ; OFF            ; IGNORE_CARRY           ;
; AUTO_CASCADE_CHAINS    ; ON             ; AUTO_CASCADE           ;
; IGNORE_CASCADE_BUFFERS ; OFF            ; IGNORE_CASCADE         ;
+------------------------+----------------+------------------------+
Note: In order to hide this table in the UI and the text report file, please set the "Show Parameter Settings in Synthesis Report" option in "Analysis and Synthesis Settings -> More Settings" to "Off".


+------------------------------------------------------------------+
; Parameter Settings for Inferred Entity Instance: lpm_divide:Div3 ;
+------------------------+----------------+------------------------+
; Parameter Name         ; Value          ; Type                   ;
+------------------------+----------------+------------------------+
; LPM_WIDTHN             ; 12             ; Untyped                ;
; LPM_WIDTHD             ; 5              ; Untyped                ;
; LPM_NREPRESENTATION    ; SIGNED         ; Untyped                ;
; LPM_DREPRESENTATION    ; SIGNED         ; Untyped                ;
; LPM_PIPELINE           ; 0              ; Untyped                ;
; LPM_REMAINDERPOSITIVE  ; FALSE          ; Untyped                ;
; MAXIMIZE_SPEED         ; 5              ; Untyped                ;
; CBXI_PARAMETER         ; lpm_divide_5so ; Untyped                ;
; CARRY_CHAIN            ; MANUAL         ; Untyped                ;
; OPTIMIZE_FOR_SPEED     ; 5              ; Untyped                ;
; AUTO_CARRY_CHAINS      ; ON             ; AUTO_CARRY             ;
; IGNORE_CARRY_BUFFERS   ; OFF            ; IGNORE_CARRY           ;
; AUTO_CASCADE_CHAINS    ; ON             ; AUTO_CASCADE           ;
; IGNORE_CASCADE_BUFFERS ; OFF            ; IGNORE_CASCADE         ;
+------------------------+----------------+------------------------+
Note: In order to hide this table in the UI and the text report file, please set the "Show Parameter Settings in Synthesis Report" option in "Analysis and Synthesis Settings -> More Settings" to "Off".


+------------------------------------------------------------------+
; Parameter Settings for Inferred Entity Instance: lpm_divide:Div5 ;
+------------------------+----------------+------------------------+
; Parameter Name         ; Value          ; Type                   ;
+------------------------+----------------+------------------------+
; LPM_WIDTHN             ; 12             ; Untyped                ;
; LPM_WIDTHD             ; 5              ; Untyped                ;
; LPM_NREPRESENTATION    ; SIGNED         ; Untyped                ;
; LPM_DREPRESENTATION    ; SIGNED         ; Untyped                ;
; LPM_PIPELINE           ; 0              ; Untyped                ;
; LPM_REMAINDERPOSITIVE  ; FALSE          ; Untyped                ;
; MAXIMIZE_SPEED         ; 5              ; Untyped                ;
; CBXI_PARAMETER         ; lpm_divide_5so ; Untyped                ;
; CARRY_CHAIN            ; MANUAL         ; Untyped                ;
; OPTIMIZE_FOR_SPEED     ; 5              ; Untyped                ;
; AUTO_CARRY_CHAINS      ; ON             ; AUTO_CARRY             ;
; IGNORE_CARRY_BUFFERS   ; OFF            ; IGNORE_CARRY           ;
; AUTO_CASCADE_CHAINS    ; ON             ; AUTO_CASCADE           ;
; IGNORE_CASCADE_BUFFERS ; OFF            ; IGNORE_CASCADE         ;
+------------------------+----------------+------------------------+
Note: In order to hide this table in the UI and the text report file, please set the "Show Parameter Settings in Synthesis Report" option in "Analysis and Synthesis Settings -> More Settings" to "Off".


+------------------------------------------------------------------+
; Parameter Settings for Inferred Entity Instance: lpm_divide:Div4 ;
+------------------------+----------------+------------------------+
; Parameter Name         ; Value          ; Type                   ;
+------------------------+----------------+------------------------+
; LPM_WIDTHN             ; 12             ; Untyped                ;
; LPM_WIDTHD             ; 5              ; Untyped                ;
; LPM_NREPRESENTATION    ; SIGNED         ; Untyped                ;
; LPM_DREPRESENTATION    ; SIGNED         ; Untyped                ;
; LPM_PIPELINE           ; 0              ; Untyped                ;
; LPM_REMAINDERPOSITIVE  ; FALSE          ; Untyped                ;
; MAXIMIZE_SPEED         ; 5              ; Untyped                ;
; CBXI_PARAMETER         ; lpm_divide_5so ; Untyped                ;
; CARRY_CHAIN            ; MANUAL         ; Untyped                ;
; OPTIMIZE_FOR_SPEED     ; 5              ; Untyped                ;
; AUTO_CARRY_CHAINS      ; ON             ; AUTO_CARRY             ;
; IGNORE_CARRY_BUFFERS   ; OFF            ; IGNORE_CARRY           ;
; AUTO_CASCADE_CHAINS    ; ON             ; AUTO_CASCADE           ;
; IGNORE_CASCADE_BUFFERS ; OFF            ; IGNORE_CASCADE         ;
+------------------------+----------------+------------------------+
Note: In order to hide this table in the UI and the text report file, please set the "Show Parameter Settings in Synthesis Report" option in "Analysis and Synthesis Settings -> More Settings" to "Off".


+------------------------------------------------------------------+
; Parameter Settings for Inferred Entity Instance: lpm_divide:Mod5 ;
+------------------------+----------------+------------------------+
; Parameter Name         ; Value          ; Type                   ;
+------------------------+----------------+------------------------+
; LPM_WIDTHN             ; 10             ; Untyped                ;
; LPM_WIDTHD             ; 10             ; Untyped                ;
; LPM_NREPRESENTATION    ; UNSIGNED       ; Untyped                ;
; LPM_DREPRESENTATION    ; UNSIGNED       ; Untyped                ;
; LPM_PIPELINE           ; 0              ; Untyped                ;
; LPM_REMAINDERPOSITIVE  ; TRUE           ; Untyped                ;
; MAXIMIZE_SPEED         ; 5              ; Untyped                ;
; CBXI_PARAMETER         ; lpm_divide_q7m ; Untyped                ;
; CARRY_CHAIN            ; MANUAL         ; Untyped                ;
; OPTIMIZE_FOR_SPEED     ; 5              ; Untyped                ;
; AUTO_CARRY_CHAINS      ; ON             ; AUTO_CARRY             ;
; IGNORE_CARRY_BUFFERS   ; OFF            ; IGNORE_CARRY           ;
; AUTO_CASCADE_CHAINS    ; ON             ; AUTO_CASCADE           ;
; IGNORE_CASCADE_BUFFERS ; OFF            ; IGNORE_CASCADE         ;
+------------------------+----------------+------------------------+
Note: In order to hide this table in the UI and the text report file, please set the "Show Parameter Settings in Synthesis Report" option in "Analysis and Synthesis Settings -> More Settings" to "Off".


+------------------------------------------------------------------+
; Parameter Settings for Inferred Entity Instance: lpm_divide:Div2 ;
+------------------------+----------------+------------------------+
; Parameter Name         ; Value          ; Type                   ;
+------------------------+----------------+------------------------+
; LPM_WIDTHN             ; 12             ; Untyped                ;
; LPM_WIDTHD             ; 5              ; Untyped                ;
; LPM_NREPRESENTATION    ; SIGNED         ; Untyped                ;
; LPM_DREPRESENTATION    ; SIGNED         ; Untyped                ;
; LPM_PIPELINE           ; 0              ; Untyped                ;
; LPM_REMAINDERPOSITIVE  ; FALSE          ; Untyped                ;
; MAXIMIZE_SPEED         ; 5              ; Untyped                ;
; CBXI_PARAMETER         ; lpm_divide_5so ; Untyped                ;
; CARRY_CHAIN            ; MANUAL         ; Untyped                ;
; OPTIMIZE_FOR_SPEED     ; 5              ; Untyped                ;
; AUTO_CARRY_CHAINS      ; ON             ; AUTO_CARRY             ;
; IGNORE_CARRY_BUFFERS   ; OFF            ; IGNORE_CARRY           ;
; AUTO_CASCADE_CHAINS    ; ON             ; AUTO_CASCADE           ;
; IGNORE_CASCADE_BUFFERS ; OFF            ; IGNORE_CASCADE         ;
+------------------------+----------------+------------------------+
Note: In order to hide this table in the UI and the text report file, please set the "Show Parameter Settings in Synthesis Report" option in "Analysis and Synthesis Settings -> More Settings" to "Off".


+------------------------------------------------------------------+
; Parameter Settings for Inferred Entity Instance: lpm_divide:Mod3 ;
+------------------------+----------------+------------------------+
; Parameter Name         ; Value          ; Type                   ;
+------------------------+----------------+------------------------+
; LPM_WIDTHN             ; 10             ; Untyped                ;
; LPM_WIDTHD             ; 10             ; Untyped                ;
; LPM_NREPRESENTATION    ; UNSIGNED       ; Untyped                ;
; LPM_DREPRESENTATION    ; UNSIGNED       ; Untyped                ;
; LPM_PIPELINE           ; 0              ; Untyped                ;
; LPM_REMAINDERPOSITIVE  ; TRUE           ; Untyped                ;
; MAXIMIZE_SPEED         ; 5              ; Untyped                ;
; CBXI_PARAMETER         ; lpm_divide_q7m ; Untyped                ;
; CARRY_CHAIN            ; MANUAL         ; Untyped                ;
; OPTIMIZE_FOR_SPEED     ; 5              ; Untyped                ;
; AUTO_CARRY_CHAINS      ; ON             ; AUTO_CARRY             ;
; IGNORE_CARRY_BUFFERS   ; OFF            ; IGNORE_CARRY           ;
; AUTO_CASCADE_CHAINS    ; ON             ; AUTO_CASCADE           ;
; IGNORE_CASCADE_BUFFERS ; OFF            ; IGNORE_CASCADE         ;
+------------------------+----------------+------------------------+
Note: In order to hide this table in the UI and the text report file, please set the "Show Parameter Settings in Synthesis Report" option in "Analysis and Synthesis Settings -> More Settings" to "Off".


+------------------------------------------------------------------+
; Parameter Settings for Inferred Entity Instance: lpm_divide:Div0 ;
+------------------------+----------------+------------------------+
; Parameter Name         ; Value          ; Type                   ;
+------------------------+----------------+------------------------+
; LPM_WIDTHN             ; 12             ; Untyped                ;
; LPM_WIDTHD             ; 5              ; Untyped                ;
; LPM_NREPRESENTATION    ; SIGNED         ; Untyped                ;
; LPM_DREPRESENTATION    ; SIGNED         ; Untyped                ;
; LPM_PIPELINE           ; 0              ; Untyped                ;
; LPM_REMAINDERPOSITIVE  ; FALSE          ; Untyped                ;
; MAXIMIZE_SPEED         ; 5              ; Untyped                ;
; CBXI_PARAMETER         ; lpm_divide_5so ; Untyped                ;
; CARRY_CHAIN            ; MANUAL         ; Untyped                ;
; OPTIMIZE_FOR_SPEED     ; 5              ; Untyped                ;
; AUTO_CARRY_CHAINS      ; ON             ; AUTO_CARRY             ;
; IGNORE_CARRY_BUFFERS   ; OFF            ; IGNORE_CARRY           ;
; AUTO_CASCADE_CHAINS    ; ON             ; AUTO_CASCADE           ;
; IGNORE_CASCADE_BUFFERS ; OFF            ; IGNORE_CASCADE         ;
+------------------------+----------------+------------------------+
Note: In order to hide this table in the UI and the text report file, please set the "Show Parameter Settings in Synthesis Report" option in "Analysis and Synthesis Settings -> More Settings" to "Off".


+------------------------------------------------------------------+
; Parameter Settings for Inferred Entity Instance: lpm_divide:Mod1 ;
+------------------------+----------------+------------------------+
; Parameter Name         ; Value          ; Type                   ;
+------------------------+----------------+------------------------+
; LPM_WIDTHN             ; 10             ; Untyped                ;
; LPM_WIDTHD             ; 10             ; Untyped                ;
; LPM_NREPRESENTATION    ; UNSIGNED       ; Untyped                ;
; LPM_DREPRESENTATION    ; UNSIGNED       ; Untyped                ;
; LPM_PIPELINE           ; 0              ; Untyped                ;
; LPM_REMAINDERPOSITIVE  ; TRUE           ; Untyped                ;
; MAXIMIZE_SPEED         ; 5              ; Untyped                ;
; CBXI_PARAMETER         ; lpm_divide_q7m ; Untyped                ;
; CARRY_CHAIN            ; MANUAL         ; Untyped                ;
; OPTIMIZE_FOR_SPEED     ; 5              ; Untyped                ;
; AUTO_CARRY_CHAINS      ; ON             ; AUTO_CARRY             ;
; IGNORE_CARRY_BUFFERS   ; OFF            ; IGNORE_CARRY           ;
; AUTO_CASCADE_CHAINS    ; ON             ; AUTO_CASCADE           ;
; IGNORE_CASCADE_BUFFERS ; OFF            ; IGNORE_CASCADE         ;
+------------------------+----------------+------------------------+
Note: In order to hide this table in the UI and the text report file, please set the "Show Parameter Settings in Synthesis Report" option in "Analysis and Synthesis Settings -> More Settings" to "Off".


+------------------------------------------------------------------+
; Parameter Settings for Inferred Entity Instance: lpm_divide:Mod4 ;
+------------------------+----------------+------------------------+
; Parameter Name         ; Value          ; Type                   ;
+------------------------+----------------+------------------------+
; LPM_WIDTHN             ; 10             ; Untyped                ;
; LPM_WIDTHD             ; 10             ; Untyped                ;
; LPM_NREPRESENTATION    ; UNSIGNED       ; Untyped                ;
; LPM_DREPRESENTATION    ; UNSIGNED       ; Untyped                ;
; LPM_PIPELINE           ; 0              ; Untyped                ;
; LPM_REMAINDERPOSITIVE  ; TRUE           ; Untyped                ;
; MAXIMIZE_SPEED         ; 5              ; Untyped                ;
; CBXI_PARAMETER         ; lpm_divide_q7m ; Untyped                ;
; CARRY_CHAIN            ; MANUAL         ; Untyped                ;
; OPTIMIZE_FOR_SPEED     ; 5              ; Untyped                ;
; AUTO_CARRY_CHAINS      ; ON             ; AUTO_CARRY             ;
; IGNORE_CARRY_BUFFERS   ; OFF            ; IGNORE_CARRY           ;
; AUTO_CASCADE_CHAINS    ; ON             ; AUTO_CASCADE           ;
; IGNORE_CASCADE_BUFFERS ; OFF            ; IGNORE_CASCADE         ;
+------------------------+----------------+------------------------+
Note: In order to hide this table in the UI and the text report file, please set the "Show Parameter Settings in Synthesis Report" option in "Analysis and Synthesis Settings -> More Settings" to "Off".


+------------------------------------------------------------------+
; Parameter Settings for Inferred Entity Instance: lpm_divide:Mod2 ;
+------------------------+----------------+------------------------+
; Parameter Name         ; Value          ; Type                   ;
+------------------------+----------------+------------------------+
; LPM_WIDTHN             ; 10             ; Untyped                ;
; LPM_WIDTHD             ; 10             ; Untyped                ;
; LPM_NREPRESENTATION    ; UNSIGNED       ; Untyped                ;
; LPM_DREPRESENTATION    ; UNSIGNED       ; Untyped                ;
; LPM_PIPELINE           ; 0              ; Untyped                ;
; LPM_REMAINDERPOSITIVE  ; TRUE           ; Untyped                ;
; MAXIMIZE_SPEED         ; 5              ; Untyped                ;
; CBXI_PARAMETER         ; lpm_divide_q7m ; Untyped                ;
; CARRY_CHAIN            ; MANUAL         ; Untyped                ;
; OPTIMIZE_FOR_SPEED     ; 5              ; Untyped                ;
; AUTO_CARRY_CHAINS      ; ON             ; AUTO_CARRY             ;
; IGNORE_CARRY_BUFFERS   ; OFF            ; IGNORE_CARRY           ;
; AUTO_CASCADE_CHAINS    ; ON             ; AUTO_CASCADE           ;
; IGNORE_CASCADE_BUFFERS ; OFF            ; IGNORE_CASCADE         ;
+------------------------+----------------+------------------------+
Note: In order to hide this table in the UI and the text report file, please set the "Show Parameter Settings in Synthesis Report" option in "Analysis and Synthesis Settings -> More Settings" to "Off".


+------------------------------------------------------------------+
; Parameter Settings for Inferred Entity Instance: lpm_divide:Mod0 ;
+------------------------+----------------+------------------------+
; Parameter Name         ; Value          ; Type                   ;
+------------------------+----------------+------------------------+
; LPM_WIDTHN             ; 10             ; Untyped                ;
; LPM_WIDTHD             ; 10             ; Untyped                ;
; LPM_NREPRESENTATION    ; UNSIGNED       ; Untyped                ;
; LPM_DREPRESENTATION    ; UNSIGNED       ; Untyped                ;
; LPM_PIPELINE           ; 0              ; Untyped                ;
; LPM_REMAINDERPOSITIVE  ; TRUE           ; Untyped                ;
; MAXIMIZE_SPEED         ; 5              ; Untyped                ;
; CBXI_PARAMETER         ; lpm_divide_q7m ; Untyped                ;
; CARRY_CHAIN            ; MANUAL         ; Untyped                ;
; OPTIMIZE_FOR_SPEED     ; 5              ; Untyped                ;
; AUTO_CARRY_CHAINS      ; ON             ; AUTO_CARRY             ;
; IGNORE_CARRY_BUFFERS   ; OFF            ; IGNORE_CARRY           ;
; AUTO_CASCADE_CHAINS    ; ON             ; AUTO_CASCADE           ;
; IGNORE_CASCADE_BUFFERS ; OFF            ; IGNORE_CASCADE         ;
+------------------------+----------------+------------------------+
Note: In order to hide this table in the UI and the text report file, please set the "Show Parameter Settings in Synthesis Report" option in "Analysis and Synthesis Settings -> More Settings" to "Off".


+-------------------------------+
; Elapsed Time Per Partition    ;
+----------------+--------------+
; Partition Name ; Elapsed Time ;
+----------------+--------------+
; Top            ; 00:00:04     ;
+----------------+--------------+


+-------------------------------+
; Analysis & Synthesis Messages ;
+-------------------------------+
Info: *******************************************************************
Info: Running Quartus II 64-Bit Analysis & Synthesis
    Info: Version 13.0.1 Build 232 06/12/2013 Service Pack 1 SJ Web Edition
    Info: Processing started: Wed Dec 20 11:51:38 2023
Info: Command: quartus_map --read_settings_files=on --write_settings_files=off MaquinaSalgados -c MaquinaSalgados
Warning (20028): Parallel compilation is not licensed and has been disabled
Info (12021): Found 2 design units, including 1 entities, in source file maquinasalgados.vhd
    Info (12022): Found design unit 1: MaquinaSalgados-hardware
    Info (12023): Found entity 1: MaquinaSalgados
Info (12021): Found 1 design units, including 1 entities, in source file esquematico.bdf
    Info (12023): Found entity 1: esquematico
Info (12127): Elaborating entity "MaquinaSalgados" for the top level hierarchy
Warning (10492): VHDL Process Statement warning at MaquinaSalgados.vhd(91): signal "estado_atual" is read inside the Process Statement but isn't in the Process Statement's sensitivity list
Warning (10492): VHDL Process Statement warning at MaquinaSalgados.vhd(94): signal "estado_atual" is read inside the Process Statement but isn't in the Process Statement's sensitivity list
Warning (10492): VHDL Process Statement warning at MaquinaSalgados.vhd(295): signal "liberar" is read inside the Process Statement but isn't in the Process Statement's sensitivity list
Warning (10631): VHDL Process Statement warning at MaquinaSalgados.vhd(112): inferring latch(es) for signal or variable "preco_salgado", which holds its previous value in one or more paths through the process
Warning (10631): VHDL Process Statement warning at MaquinaSalgados.vhd(112): inferring latch(es) for signal or variable "troco", which holds its previous value in one or more paths through the process
Warning (10631): VHDL Process Statement warning at MaquinaSalgados.vhd(112): inferring latch(es) for signal or variable "devolucao", which holds its previous value in one or more paths through the process
Warning (10631): VHDL Process Statement warning at MaquinaSalgados.vhd(112): inferring latch(es) for signal or variable "salgado_invalido", which holds its previous value in one or more paths through the process
Warning (10631): VHDL Process Statement warning at MaquinaSalgados.vhd(112): inferring latch(es) for signal or variable "sem_estoque", which holds its previous value in one or more paths through the process
Warning (10631): VHDL Process Statement warning at MaquinaSalgados.vhd(112): inferring latch(es) for signal or variable "salgado_liberado", which holds its previous value in one or more paths through the process
Warning (10631): VHDL Process Statement warning at MaquinaSalgados.vhd(112): inferring latch(es) for signal or variable "devolvido", which holds its previous value in one or more paths through the process
Warning (10631): VHDL Process Statement warning at MaquinaSalgados.vhd(112): inferring latch(es) for signal or variable "estoque_salgado1", which holds its previous value in one or more paths through the process
Warning (10631): VHDL Process Statement warning at MaquinaSalgados.vhd(112): inferring latch(es) for signal or variable "estoque_salgado2", which holds its previous value in one or more paths through the process
Warning (10631): VHDL Process Statement warning at MaquinaSalgados.vhd(112): inferring latch(es) for signal or variable "estoque_salgado3", which holds its previous value in one or more paths through the process
Warning (10631): VHDL Process Statement warning at MaquinaSalgados.vhd(112): inferring latch(es) for signal or variable "estoque_salgado4", which holds its previous value in one or more paths through the process
Warning (10631): VHDL Process Statement warning at MaquinaSalgados.vhd(112): inferring latch(es) for signal or variable "estoque_salgado5", which holds its previous value in one or more paths through the process
Warning (10631): VHDL Process Statement warning at MaquinaSalgados.vhd(112): inferring latch(es) for signal or variable "proximo_estado", which holds its previous value in one or more paths through the process
Warning (10631): VHDL Process Statement warning at MaquinaSalgados.vhd(112): inferring latch(es) for signal or variable "estado_inicial", which holds its previous value in one or more paths through the process
Warning (10631): VHDL Process Statement warning at MaquinaSalgados.vhd(112): inferring latch(es) for signal or variable "estado_selecao_salgado", which holds its previous value in one or more paths through the process
Warning (10631): VHDL Process Statement warning at MaquinaSalgados.vhd(112): inferring latch(es) for signal or variable "estado_estoque", which holds its previous value in one or more paths through the process
Warning (10631): VHDL Process Statement warning at MaquinaSalgados.vhd(112): inferring latch(es) for signal or variable "estado_esperando_moeda", which holds its previous value in one or more paths through the process
Warning (10631): VHDL Process Statement warning at MaquinaSalgados.vhd(112): inferring latch(es) for signal or variable "estado_libera_salgado", which holds its previous value in one or more paths through the process
Warning (10631): VHDL Process Statement warning at MaquinaSalgados.vhd(112): inferring latch(es) for signal or variable "estado_devolve", which holds its previous value in one or more paths through the process
Info (10041): Inferred latch for "estado_devolve" at MaquinaSalgados.vhd(112)
Info (10041): Inferred latch for "estado_libera_salgado" at MaquinaSalgados.vhd(112)
Info (10041): Inferred latch for "estado_esperando_moeda" at MaquinaSalgados.vhd(112)
Info (10041): Inferred latch for "estado_estoque" at MaquinaSalgados.vhd(112)
Info (10041): Inferred latch for "estado_selecao_salgado" at MaquinaSalgados.vhd(112)
Info (10041): Inferred latch for "estado_inicial" at MaquinaSalgados.vhd(112)
Info (10041): Inferred latch for "proximo_estado.Devolve" at MaquinaSalgados.vhd(112)
Info (10041): Inferred latch for "proximo_estado.LiberaSalgado" at MaquinaSalgados.vhd(112)
Info (10041): Inferred latch for "proximo_estado.EsperandoMoeda" at MaquinaSalgados.vhd(112)
Info (10041): Inferred latch for "proximo_estado.Estoque" at MaquinaSalgados.vhd(112)
Info (10041): Inferred latch for "proximo_estado.SelecaoSalgado" at MaquinaSalgados.vhd(112)
Info (10041): Inferred latch for "proximo_estado.Inicial" at MaquinaSalgados.vhd(112)
Info (10041): Inferred latch for "estoque_salgado5[0]" at MaquinaSalgados.vhd(112)
Info (10041): Inferred latch for "estoque_salgado5[1]" at MaquinaSalgados.vhd(112)
Info (10041): Inferred latch for "estoque_salgado5[2]" at MaquinaSalgados.vhd(112)
Info (10041): Inferred latch for "estoque_salgado5[3]" at MaquinaSalgados.vhd(112)
Info (10041): Inferred latch for "estoque_salgado4[0]" at MaquinaSalgados.vhd(112)
Info (10041): Inferred latch for "estoque_salgado4[1]" at MaquinaSalgados.vhd(112)
Info (10041): Inferred latch for "estoque_salgado4[2]" at MaquinaSalgados.vhd(112)
Info (10041): Inferred latch for "estoque_salgado4[3]" at MaquinaSalgados.vhd(112)
Info (10041): Inferred latch for "estoque_salgado3[0]" at MaquinaSalgados.vhd(112)
Info (10041): Inferred latch for "estoque_salgado3[1]" at MaquinaSalgados.vhd(112)
Info (10041): Inferred latch for "estoque_salgado3[2]" at MaquinaSalgados.vhd(112)
Info (10041): Inferred latch for "estoque_salgado3[3]" at MaquinaSalgados.vhd(112)
Info (10041): Inferred latch for "estoque_salgado2[0]" at MaquinaSalgados.vhd(112)
Info (10041): Inferred latch for "estoque_salgado2[1]" at MaquinaSalgados.vhd(112)
Info (10041): Inferred latch for "estoque_salgado2[2]" at MaquinaSalgados.vhd(112)
Info (10041): Inferred latch for "estoque_salgado2[3]" at MaquinaSalgados.vhd(112)
Info (10041): Inferred latch for "estoque_salgado1[0]" at MaquinaSalgados.vhd(112)
Info (10041): Inferred latch for "estoque_salgado1[1]" at MaquinaSalgados.vhd(112)
Info (10041): Inferred latch for "estoque_salgado1[2]" at MaquinaSalgados.vhd(112)
Info (10041): Inferred latch for "estoque_salgado1[3]" at MaquinaSalgados.vhd(112)
Info (10041): Inferred latch for "devolvido" at MaquinaSalgados.vhd(112)
Info (10041): Inferred latch for "salgado_liberado" at MaquinaSalgados.vhd(112)
Info (10041): Inferred latch for "sem_estoque" at MaquinaSalgados.vhd(112)
Info (10041): Inferred latch for "salgado_invalido" at MaquinaSalgados.vhd(112)
Info (10041): Inferred latch for "devolucao[0]" at MaquinaSalgados.vhd(112)
Info (10041): Inferred latch for "devolucao[1]" at MaquinaSalgados.vhd(112)
Info (10041): Inferred latch for "devolucao[2]" at MaquinaSalgados.vhd(112)
Info (10041): Inferred latch for "devolucao[3]" at MaquinaSalgados.vhd(112)
Info (10041): Inferred latch for "devolucao[4]" at MaquinaSalgados.vhd(112)
Info (10041): Inferred latch for "devolucao[5]" at MaquinaSalgados.vhd(112)
Info (10041): Inferred latch for "devolucao[6]" at MaquinaSalgados.vhd(112)
Info (10041): Inferred latch for "devolucao[7]" at MaquinaSalgados.vhd(112)
Info (10041): Inferred latch for "devolucao[8]" at MaquinaSalgados.vhd(112)
Info (10041): Inferred latch for "devolucao[9]" at MaquinaSalgados.vhd(112)
Info (10041): Inferred latch for "troco[0]" at MaquinaSalgados.vhd(112)
Info (10041): Inferred latch for "troco[1]" at MaquinaSalgados.vhd(112)
Info (10041): Inferred latch for "troco[2]" at MaquinaSalgados.vhd(112)
Info (10041): Inferred latch for "troco[3]" at MaquinaSalgados.vhd(112)
Info (10041): Inferred latch for "troco[4]" at MaquinaSalgados.vhd(112)
Info (10041): Inferred latch for "troco[5]" at MaquinaSalgados.vhd(112)
Info (10041): Inferred latch for "troco[6]" at MaquinaSalgados.vhd(112)
Info (10041): Inferred latch for "troco[7]" at MaquinaSalgados.vhd(112)
Info (10041): Inferred latch for "troco[8]" at MaquinaSalgados.vhd(112)
Info (10041): Inferred latch for "troco[9]" at MaquinaSalgados.vhd(112)
Info (10041): Inferred latch for "preco_salgado[0]" at MaquinaSalgados.vhd(112)
Info (10041): Inferred latch for "preco_salgado[1]" at MaquinaSalgados.vhd(112)
Info (10041): Inferred latch for "preco_salgado[2]" at MaquinaSalgados.vhd(112)
Info (10041): Inferred latch for "preco_salgado[3]" at MaquinaSalgados.vhd(112)
Info (10041): Inferred latch for "preco_salgado[4]" at MaquinaSalgados.vhd(112)
Info (10041): Inferred latch for "preco_salgado[5]" at MaquinaSalgados.vhd(112)
Info (10041): Inferred latch for "preco_salgado[6]" at MaquinaSalgados.vhd(112)
Info (10041): Inferred latch for "preco_salgado[7]" at MaquinaSalgados.vhd(112)
Info (10041): Inferred latch for "preco_salgado[8]" at MaquinaSalgados.vhd(112)
Info (10041): Inferred latch for "preco_salgado[9]" at MaquinaSalgados.vhd(112)
Info (278001): Inferred 12 megafunctions from design logic
    Info (278004): Inferred divider/modulo megafunction ("lpm_divide") from the following logic: "Div1"
    Info (278004): Inferred divider/modulo megafunction ("lpm_divide") from the following logic: "Div3"
    Info (278004): Inferred divider/modulo megafunction ("lpm_divide") from the following logic: "Div5"
    Info (278004): Inferred divider/modulo megafunction ("lpm_divide") from the following logic: "Div4"
    Info (278004): Inferred divider/modulo megafunction ("lpm_divide") from the following logic: "Mod5"
    Info (278004): Inferred divider/modulo megafunction ("lpm_divide") from the following logic: "Div2"
    Info (278004): Inferred divider/modulo megafunction ("lpm_divide") from the following logic: "Mod3"
    Info (278004): Inferred divider/modulo megafunction ("lpm_divide") from the following logic: "Div0"
    Info (278004): Inferred divider/modulo megafunction ("lpm_divide") from the following logic: "Mod1"
    Info (278004): Inferred divider/modulo megafunction ("lpm_divide") from the following logic: "Mod4"
    Info (278004): Inferred divider/modulo megafunction ("lpm_divide") from the following logic: "Mod2"
    Info (278004): Inferred divider/modulo megafunction ("lpm_divide") from the following logic: "Mod0"
Info (12130): Elaborated megafunction instantiation "lpm_divide:Div1"
Info (12133): Instantiated megafunction "lpm_divide:Div1" with the following parameter:
    Info (12134): Parameter "LPM_WIDTHN" = "12"
    Info (12134): Parameter "LPM_WIDTHD" = "5"
    Info (12134): Parameter "LPM_NREPRESENTATION" = "SIGNED"
    Info (12134): Parameter "LPM_DREPRESENTATION" = "SIGNED"
    Info (12134): Parameter "LPM_HINT" = "LPM_REMAINDERPOSITIVE=FALSE"
Info (12021): Found 1 design units, including 1 entities, in source file db/lpm_divide_5so.tdf
    Info (12023): Found entity 1: lpm_divide_5so
Info (12021): Found 1 design units, including 1 entities, in source file db/abs_divider_ibg.tdf
    Info (12023): Found entity 1: abs_divider_ibg
Info (12021): Found 1 design units, including 1 entities, in source file db/alt_u_div_g2f.tdf
    Info (12023): Found entity 1: alt_u_div_g2f
Info (12021): Found 1 design units, including 1 entities, in source file db/add_sub_lkc.tdf
    Info (12023): Found entity 1: add_sub_lkc
Info (12021): Found 1 design units, including 1 entities, in source file db/add_sub_mkc.tdf
    Info (12023): Found entity 1: add_sub_mkc
Info (12021): Found 1 design units, including 1 entities, in source file db/lpm_abs_gq9.tdf
    Info (12023): Found entity 1: lpm_abs_gq9
Info (12021): Found 1 design units, including 1 entities, in source file db/lpm_abs_ur9.tdf
    Info (12023): Found entity 1: lpm_abs_ur9
Info (12130): Elaborated megafunction instantiation "lpm_divide:Mod5"
Info (12133): Instantiated megafunction "lpm_divide:Mod5" with the following parameter:
    Info (12134): Parameter "LPM_WIDTHN" = "10"
    Info (12134): Parameter "LPM_WIDTHD" = "10"
    Info (12134): Parameter "LPM_NREPRESENTATION" = "UNSIGNED"
    Info (12134): Parameter "LPM_DREPRESENTATION" = "UNSIGNED"
Info (12021): Found 1 design units, including 1 entities, in source file db/lpm_divide_q7m.tdf
    Info (12023): Found entity 1: lpm_divide_q7m
Info (12021): Found 1 design units, including 1 entities, in source file db/sign_div_unsign_1nh.tdf
    Info (12023): Found entity 1: sign_div_unsign_1nh
Info (12021): Found 1 design units, including 1 entities, in source file db/alt_u_div_45f.tdf
    Info (12023): Found entity 1: alt_u_div_45f
Info (13014): Ignored 60 buffer(s)
    Info (13016): Ignored 60 CARRY_SUM buffer(s)
Info (13025): Duplicate LATCH primitives merged into single LATCH primitive
    Info (13026): Duplicate LATCH primitive "preco_salgado[6]$latch" merged with LATCH primitive "preco_salgado[3]$latch"
Warning (13012): Latch sem_estoque$latch has unsafe behavior
    Warning (13013): Ports D and ENA on the latch are fed by the same signal estado_atual.Estoque
Warning (13012): Latch salgado_invalido$latch has unsafe behavior
    Warning (13013): Ports D and ENA on the latch are fed by the same signal confirma_salgado
Warning (13012): Latch devolvido$latch has unsafe behavior
    Warning (13013): Ports D and ENA on the latch are fed by the same signal estado_atual.Devolve
Warning (13012): Latch salgado_liberado$latch has unsafe behavior
    Warning (13013): Ports D and ENA on the latch are fed by the same signal estado_atual.LiberaSalgado
Warning (13012): Latch preco_salgado[0]$latch has unsafe behavior
    Warning (13013): Ports D and ENA on the latch are fed by the same signal estado_atual.SelecaoSalgado
Warning (13012): Latch preco_salgado[1]$latch has unsafe behavior
    Warning (13013): Ports D and ENA on the latch are fed by the same signal estado_atual.SelecaoSalgado
Warning (13012): Latch preco_salgado[2]$latch has unsafe behavior
    Warning (13013): Ports D and ENA on the latch are fed by the same signal estado_atual.SelecaoSalgado
Warning (13012): Latch preco_salgado[3]$latch has unsafe behavior
    Warning (13013): Ports D and ENA on the latch are fed by the same signal estado_atual.SelecaoSalgado
Warning (13012): Latch preco_salgado[4]$latch has unsafe behavior
    Warning (13013): Ports D and ENA on the latch are fed by the same signal estado_atual.SelecaoSalgado
Warning (13012): Latch preco_salgado[5]$latch has unsafe behavior
    Warning (13013): Ports D and ENA on the latch are fed by the same signal estado_atual.SelecaoSalgado
Warning (13012): Latch preco_salgado[7]$latch has unsafe behavior
    Warning (13013): Ports D and ENA on the latch are fed by the same signal estado_atual.SelecaoSalgado
Warning (13012): Latch preco_salgado[8]$latch has unsafe behavior
    Warning (13013): Ports D and ENA on the latch are fed by the same signal estado_atual.SelecaoSalgado
Warning (13012): Latch troco[0]$latch has unsafe behavior
    Warning (13013): Ports D and ENA on the latch are fed by the same signal estado_atual.LiberaSalgado
Warning (13012): Latch troco[1]$latch has unsafe behavior
    Warning (13013): Ports D and ENA on the latch are fed by the same signal estado_atual.LiberaSalgado
Warning (13012): Latch troco[2]$latch has unsafe behavior
    Warning (13013): Ports D and ENA on the latch are fed by the same signal estado_atual.LiberaSalgado
Warning (13012): Latch troco[3]$latch has unsafe behavior
    Warning (13013): Ports D and ENA on the latch are fed by the same signal estado_atual.LiberaSalgado
Warning (13012): Latch troco[4]$latch has unsafe behavior
    Warning (13013): Ports D and ENA on the latch are fed by the same signal estado_atual.LiberaSalgado
Warning (13012): Latch troco[5]$latch has unsafe behavior
    Warning (13013): Ports D and ENA on the latch are fed by the same signal estado_atual.LiberaSalgado
Warning (13012): Latch troco[6]$latch has unsafe behavior
    Warning (13013): Ports D and ENA on the latch are fed by the same signal estado_atual.LiberaSalgado
Warning (13012): Latch troco[7]$latch has unsafe behavior
    Warning (13013): Ports D and ENA on the latch are fed by the same signal estado_atual.LiberaSalgado
Warning (13012): Latch troco[8]$latch has unsafe behavior
    Warning (13013): Ports D and ENA on the latch are fed by the same signal estado_atual.LiberaSalgado
Warning (13012): Latch troco[9]$latch has unsafe behavior
    Warning (13013): Ports D and ENA on the latch are fed by the same signal estado_atual.LiberaSalgado
Warning (13012): Latch devolucao[0]$latch has unsafe behavior
    Warning (13013): Ports D and ENA on the latch are fed by the same signal estado_atual.EsperandoMoeda
Warning (13012): Latch devolucao[1]$latch has unsafe behavior
    Warning (13013): Ports D and ENA on the latch are fed by the same signal estado_atual.EsperandoMoeda
Warning (13012): Latch devolucao[2]$latch has unsafe behavior
    Warning (13013): Ports D and ENA on the latch are fed by the same signal estado_atual.EsperandoMoeda
Warning (13012): Latch devolucao[3]$latch has unsafe behavior
    Warning (13013): Ports D and ENA on the latch are fed by the same signal estado_atual.EsperandoMoeda
Warning (13012): Latch devolucao[4]$latch has unsafe behavior
    Warning (13013): Ports D and ENA on the latch are fed by the same signal estado_atual.EsperandoMoeda
Warning (13012): Latch devolucao[5]$latch has unsafe behavior
    Warning (13013): Ports D and ENA on the latch are fed by the same signal estado_atual.EsperandoMoeda
Warning (13012): Latch devolucao[6]$latch has unsafe behavior
    Warning (13013): Ports D and ENA on the latch are fed by the same signal estado_atual.EsperandoMoeda
Warning (13012): Latch devolucao[7]$latch has unsafe behavior
    Warning (13013): Ports D and ENA on the latch are fed by the same signal estado_atual.EsperandoMoeda
Warning (13012): Latch devolucao[8]$latch has unsafe behavior
    Warning (13013): Ports D and ENA on the latch are fed by the same signal estado_atual.EsperandoMoeda
Warning (13012): Latch devolucao[9]$latch has unsafe behavior
    Warning (13013): Ports D and ENA on the latch are fed by the same signal estado_atual.EsperandoMoeda
Warning (13012): Latch proximo_estado.Inicial_1978 has unsafe behavior
    Warning (13013): Ports D and ENA on the latch are fed by the same signal estado_atual.Estoque
Warning (13012): Latch proximo_estado.Estoque_1960 has unsafe behavior
    Warning (13013): Ports D and ENA on the latch are fed by the same signal salgado_escolhido[1]
Warning (13012): Latch proximo_estado.EsperandoMoeda_1951 has unsafe behavior
    Warning (13013): Ports D and ENA on the latch are fed by the same signal estado_atual.Estoque
Warning (13012): Latch proximo_estado.SelecaoSalgado_1969 has unsafe behavior
    Warning (13013): Ports D and ENA on the latch are fed by the same signal salgado_escolhido[1]
Warning (13024): Output pins are stuck at VCC or GND
    Warning (13410): Pin "preco_salgado[9]" is stuck at GND
Info (16010): Generating hard_block partition "hard_block:auto_generated_inst"
    Info (16011): Adding 0 node(s), including 0 DDIO, 0 PLL, 0 transceiver and 0 LCELL
Info (21057): Implemented 2349 device resources after synthesis - the final resource count might be different
    Info (21058): Implemented 13 input pins
    Info (21059): Implemented 82 output pins
    Info (21061): Implemented 2254 logic cells
Info: Quartus II 64-Bit Analysis & Synthesis was successful. 0 errors, 97 warnings
    Info: Peak virtual memory: 4659 megabytes
    Info: Processing ended: Wed Dec 20 11:51:50 2023
    Info: Elapsed time: 00:00:12
    Info: Total CPU time (on all processors): 00:00:06


